[  0.000 Iitiazi croupubs puse
  .00000 Itiliing cgupubsys cpu
[    0000Initiizg groupubs puat   0.000 Lux vsi 44.0-9-nec (buiddgw-amd-0) cc vsi 54.0 2609 bunt5.4.0-6ubuntu1~16.04.12) ) #219-Ubuntu SMP Tue Aug 11 12:26:50 UTC 2020 (Ubuntu 4.4.0-189.219-generic 4.4.232)
[  00000] mmnd le:OO_IMAG/bt/vmlinuz-4.4.0-189-generic root=LABEL=cloudimg-rootfs ro console=tty1 console=ttyS0
[    0.000000] KERNEL supported cpus:
[    0.000000]   Intel Genuinente
[  0000] AMAutheicD
[  0000] Ceau CentarHls[   .000] x8/f: tae_ofse2] 56, statsis[2] 2
   0.000000 x/f: uppoinXSVE ftu 001: 87lotinpot registers'
[    0.000000] x86/fpu: Supporting XVE feature 0x02: 'SSE registers'
[    0.000000] x86/fpu: Supporting XSAVE feature 0x04: 'AVX registers'
[    0.000000] x86/fpu: Enabled xstate features 0x7, context size is 832 bytes, using 'standard' format.
[    0.000000] e820: BIOS-provided physical RAM map:
[    0.000000] BIOS-e820: [mem 0x0000000000000000-0x000000000009fbff] usable
[    0.000000] BIOS-e820: [mem 0x000000000009fc00-0x0000000000009ffff] reserved
[    0.000000] BIOS-e820: [mem 0x00000000000f0000-0x00000000000fffff] reserved
[    0.000000] BIOS-e820: [mem 0x0000000000100000-0x000000005ffeffff] usable
[    0.000000]IOe8: [m 0000005f00-x000000fffff]CPda
[    0.000000] BIOS-e820: [mem 0x00000000fec00000-0x00000000fec00fff] reserved
[    0000 BIOe8: em 0x00000f0000x0000fee00fff] reserved
[    0.000000] BIOS-e820: [mem 0x00000000fffc0000-0x00000000ffffffff] reserved
[    0.000000] NX (Execute Disable) protection: active
[    0.000000] SMBIOS 2.5 present.
[    0.000000] Hypervisor detected: KVM
[    0.000000] e820: last_pfn = 0x5fff0 max_arch_pfn = 0x400000000
[    0.000000] MTRR: Disabled
[    0.000000] x86/PAT: MTRRs disabled, skipping PAT initialization too.
[    0.000000] CPU MTRRs all blank - virtualized system.
[    0.000000] x86PA Cfiuratn -7: WBWT  - C  W W U- UC  
[  0000] unSMP -tleat [m 009fff-000ff] maedt fff8009f0]
  .00000Scnig 1 eafo lowemy rrupon[   0.000] MDSK: [m 0x362de000-0x371ff]
   0.0000]CPI: Early table checksum verification disabled  0.0000 ACP RSD0x00000000 00024 (v02 VBOX  )
[    0.000000] ACPI: XSDT 0x000000005FFF0030 00003C (v01 VBOX   VBOXXSDT 00000001 ASL  0000006
  .0000]CPI: FAP 00000FFF00 00F(v04BO  BOXCP00001 A  00000061)
[    0.000000] ACPI: DSDT 0x000000005FFF0470 0021FF (v02 VBOX   VBOXBIOS 0000 IN 2008)
[  00000] PIFAS 0x000005F0200 000040
[    0.000000] ACPI: FACS 0x000000005FFF0200 000040
[    0.000000] ACPI: APIC 0x000000005FFF0240 00005C (v02 VBOX   VBOXAPIC 00000001 ASL  00000061)
[   0.000000] ACPI: SSDT 0x000000005FFF02A0 0001CC (v01 VBOX   VBOXCPUT 00000002 INTL 20100528)
[    0.000000] No NUMA configuration found
[    0.000000] Faking a node at [mem 0x0000000000000000-0x000000005ffeffff]
[    0.000000] NODE_DATA(0) allocated [mem 0x5ffeb000-0x5ffeffff]
[    0.000000] kvm-clock: Using msrs 4b564d01 and 4b564d00
[    0.000000] kvm-clock: cpu 0, msr 0:5ffe3001, primary cpu clock
[    0.000000] kvm-clock: using sched offset of 3238620771 cycles
[    0.000000] clocksource: kvm-clock: mask: 0xffffffffffffffff max_cycles: 0x1cd42e4dffb, max_idle_ns: 881590591483 ns
[    0.000000] Zone ranges:
[    0.000000]   DMA      [mem 0x0000000000001000-0x0000000000ffffff]
[    0.000000]   DMA32    [mem 0x0000000001000000-0x00000005ffeffff]
[    0.000000]   Normal   empty
[    0.000000]   Device   empty
[    0.000000] Movable zone start for each node
[    0.000000] Early memory node ranges
[    0.000000]   node   0: [mem 0x0000000000001000-0x000000000009efff]
[    0.000000]   node   0: [mem 0x0000000000100000-0x000000005ffeffff]
[    0.000000] Initmem setup node 0 [mem 0x0000000000001000-0x000000005ffeffff]
[    0.000000] ACPI: PM-Timer IO Port: 0x4008
[    0.000000] IOAPIC[0]: apic_id 2, version 32, address 0xfec00000, GSI 0-23
[    0.000000] ACPI: INT_SRC_OVR (bus 0 bus_irq 0 global_irq 2 dfl dfl)
[    0.000000] ACPI: INT_SRC_OVR (bus 0 bus_irq 9 global_irq 9 low level)
[    0.000000] Using ACPI MADT) for SMP configuration information
[    0.0000]mpoot: llin2 PUs, 0holuCPUs
  0.00000] : gierednoveemry [m 0000000x00fff][  000000]M:egsterenoveemor [m 0009f0-000ffff
[  .000000] PMRested noveemory: [mem 0x000a0000-0x000effff]
[    0.000000] PM: Registered nosave memory: [mem 0x000f0000-0x000fffff]
[    0.000000] e80: [emx600000-0xfebfffff] available for PCI devices
[    0.000000] Booting paravirtualized kernel on KVM
[    0.000000] clocksource: refined-jiffies: mask: 0xffffffff max_cycles: 0xffffffff, max_idle_ns: 7645519600211568 ns
[    0.000000] setup_percpu: NR_CPUS:512 nr_cpumask_bits:512 nr_cpu_ids:2r_nodids:1
[    0.000000] PERCPU: Embedded 33 pages/cpu @ffff88005fc00000 s95512 r8192 d31464 u1048576
[    0.000000] Built 1 zonelists in Node order, mobility grouping on.  Total pages: 386936
[    0.000000] olicy zone: DMA32
[    0.000000] Kernel command line: BOOT_IMAGE=/boot/vmlinuz-4.4.0-189-generic root=LABEL=loimroot rcoole=y1onle=tt0    0000PID ha tlentri: 96order: 3328 tes)[  0000000] Memoy:5156K/728K avilabl (86K rnl code 17Kwdata, 4040Krota142Kin, 29 bss582K reserved, 0K cma-reserved)
[    0.000000] SLUB: HWalign=64, Order=0-3, MinObjects=0, CPUs=2, Nodes=1
[    0.000000] Kernel/User page tabesisolio eable
  .00000Hiarhica R ileentio
   0000]Build-timadstme olef fanou t64
[   0000]	RCUreriin CPUfr NR_CPUS=512 to nr_cpu_ids=2.
[    0.000000] RCU: Adjusting geometry for rcu_fanout_leaf=64, nr_cpu_ids=2
[    0.000000] NR_IRQS:33024 nr_irqs:440 16
[    0.000000] Console: colour VGA+ 80x5
[  00000]onle[tty1]enle
[  0.00] console [ttyS0] enabled
[    0.000000] tsc: Detected 3695.996 MHz processor

[    7.291520] Calibrating delay loop (skipped) preset value.. 7391.99 BogoMIPS (lpj=14783984)
[    7.398508] pid_max: default: 32768 minimum: 301
[    7.399136] ACPI: Core revision 20150930
[    7.400266] ACPI: 2 ACPI AML tables successfully acquired and loaded
[    7.401105] Security Framework initialized
[    7.401649] Yama: becoming mindful.
[    7.402143] AppArmor: AppArmor initialized
[    7.408248] Dentry cache hash table entries: 262144 (order: 9, 2097152 bytes)
[    7.416159] Inode-cache hash table entries: 131072 (order: 8, 1048576 bytes)
[    7.462518] Mount-cache hash table entries: 4096 (order: 3, 32768 bytes)
[    7.463390] Mountpoint-cache hash table entries: 4096 (order: 3, 32768 bytes)
[    7.464288] Initializing cgroup subsys io
[    7.464843] Initializing cgroup subsys memory
[    7.465424] Initializing cgroup subsys devices
[    7.466022] Initializing cgroup subsys freezer
[    7.466582] Initializing cgroup subsys net_cls
[    7.467150] Initializing cgroup subsys perf_event
[    7.467734] Initializing cgroup subsys net_prio
[    7.468304] Initializing cgroup subsys hugetlb
[    7.468860] Initializing cgroup subsys pids
[    7.470314] mce: CPU supports 0 MCE banks
[    7.470863] Last level iTLB entries: 4KB 64, 2MB 8, 4MB 8
[    7.471543] Last level dTLB entries: 4KB 64, 2MB 0, 4MB 0, 1GB 4
[    7.472245] Spectre V1 : Mitigation: usercopy/swapgs barriers and __user pointer sanitization
[    7.476451] Spectre V2 : Mitigation: Full generic retpoline
[    7.477119] Spectre V2 : Spectre v2 / SpectreRSB mitigation: Filling RSB on context switch
[    7.498760] Speculative Store Bypass: Vulnerable
[    7.576638] SRBDS: Unknown: Dependent on hypervisor status
[    7.577378] MDS: Vulnerable: Clear CPU buffers attempted, no microcode
[    7.656545] Freeing SMP alternatives memory: 36K
[    7.730673] ftrace: allocating 32336 entries in 127 pages
[    7.887939] smpboot: APIC(0) Converting physical 0 to logical package 0
[    8.047102] smpboot: Max logical packages: 1
[    8.132181] x2apic enabled
[    8.215997] Switched APIC routing to physical x2apic.
[    8.336798] ..TIMER: vector=0x30 apic1=0 pin1=2 apic2=-1 pin2=-1
[    8.601221] smpboot: CPU0: Intel(R) Core(TM) i7-8700K CPU @ 3.70GHz (family: 0x6, model: 0x9e, stepping: 0xa)
[    8.909819] Performance Events: unsupported p6 CPU model 158 no PMU driver, software events only.
[    8.950630] KVM setup paravirtual spinlock
[    9.082768] x86: Booting SMP configuration:
[    9.083337] .... node  #0, CPUs:      #1
[    9.162551] kvm-clock: cpu 1, msr 0:5ffe3041, secondary cpu clock
[    9.277428] mce: CPU supports 0 MCE banks
[    9.344939] x86: Booted up 1 node, 2 CPUs
[    9.397152] smpboot: Total of 2 processors activated (14783.98 BogoMIPS)
[    9.449988] devtmpfs: initialized
[    9.554385] evm: security.selinux
[    9.563735] evm: security.SMACK64
[    9.564207] evm: security.SMACK64EXEC
[    9.658445] evm: security.SMACK64TRANSMUTE
[    9.775613] evm: security.SMACK64MMAP
[    9.886802] evm: security.ima
[    9.945313] evm: security.capability
[   10.045091] clocksource: jiffies: mask: 0xffffffff max_cycles: 0xffffffff, max_idle_ns: 7645041785100000 ns
[   10.186910] futex hash table entries: 512 (order: 3, 32768 bytes)
[   10.269531] pinctrl core: initialized pinctrl subsystem
[   10.344841] RTC time: 11:09:33, date: 09/13/20
[   10.345553] NET: Registered protocol family 16
[   10.357941] cpuidle: using governor ladder
[   10.378565] cpuidle: using governor menu
[   10.484138] PCCT header not found.
[   10.552511] ACPI: bus type PCI registered
[   10.622755] acpiphp: ACPI Hot Plug PCI Controller Driver version: 0.5
[   10.635724] PCI: Using configuration type 1 for base access
[   10.665893] ACPI: Added _OSI(Module Device)
[   10.667795] ACPI: Added _OSI(Processor Device)
[   10.668373] ACPI: Added _OSI(3.0 _SCP Extensions)
[   10.668960] ACPI: Added _OSI(Processor Aggregator Device)
[   10.673005] ACPI: Executed 1 blocks of module-level executable AML code
[   10.675183] ACPI: Interpreter enabled
[   10.675705] ACPI: (supports S0 S5)
[   10.676182] ACPI: Using IOAPIC for interrupt routing
[   10.785824] PCI: Using host bridge windows from ACPI; if necessary, use "pci=nocrs" and report a bug
[   10.806782] ACPI: PCI Root Bridge [PCI0] (domain 0000 [bus 00-ff])
[   10.921379] acpi PNP0A03:00: _OSC: OS supports [ASPM ClockPM Segments MSI]
[   11.101023] acpi PNP0A03:00: _OSC: not requesting OS control; OS requires [ExtendedConfig ASPM ClockPM MSI]
[   11.320792] acpi PNP0A03:00: fail to add MMCONFIG information, can't access extended PCI configuration space under this bridge.
[   11.344226] PCI host bridge to bus 0000:00
[   11.344787] pci_bus 0000:00: root bus resource [io  0x0000-0x0cf7 window]
[   11.345572] pci_bus 0000:00: root bus resource [io  0x0d00-0xffff window]
[   11.412377] pci_bus 0000:00: root bus resource [mem 0x000a0000-0x000bffff window]
[   11.600851] pci_bus 0000:00: root bus resource [mem 0x60000000-0xfdffffff window]
[   11.686015] pci_bus 0000:00: root bus resource [bus 00-ff]
[   11.687846] pci 0000:00:01.1: legacy IDE quirk: reg 0x10: [io  0x01f0-0x01f7]
[   11.860413] pci 0000:00:01.1: legacy IDE quirk: reg 0x14: [io  0x03f6]
[   11.861207] pci 0000:00:01.1: legacy IDE quirk: reg 0x18: [io  0x0170-0x0177]
[   11.900060] pci 0000:00:01.1: legacy IDE quirk: reg 0x1c: [io  0x0376]
[   12.020141] pci 0000:00:07.0: quirk: [io  0x4000-0x403f] claimed by PIIX4 ACPI
[   12.026841] pci 0000:00:07.0: quirk: [io  0x4100-0x410f] claimed by PIIX4 SMB
[   12.077337] ACPI: PCI Interrupt Link [LNKA] (IRQs 5 9 10 *11)
[   12.078496] ACPI: PCI Interrupt Link [LNKB] (IRQs 5 9 *10 11)
[   12.085871] ACPI: PCI Interrupt Link [LNKC] (IRQs 5 *9 10 11)
[   12.219593] ACPI: PCI Interrupt Link [LNKD] (IRQs 5 9 10 *11)
[   12.333730] ACPI: Enabled 2 GPEs in block 00 to 07
[   12.444163] vgaarb: setting as boot device: PCI:0000:00:02.0
[   12.551191] vgaarb: device added: PCI:0000:00:02.0,decodes=io+mem,owns=io+mem,locks=none
[   12.738911] vgaarb: loaded
[   12.782593] vgaarb: bridge control possible 0000:00:02.0
[   12.921374] SCSI subsystem initialized
[   13.014049] ACPI: bus type USB registered
[   13.102736] usbcore: registered new interface driver usbfs
[   13.229631] usbcore: registered new interface driver hub
[   13.242689] usbcore: registered new device driver usb
[   13.243514] PCI: Using ACPI for IRQ routing
[   13.330339] NetLabel: Initializing
[   13.395494] NetLabel:  domain hash size = 128
[   13.474133] NetLabel:  protocols = UNLABELED CIPSOv4
[   13.570298] NetLabel:  unlabeled traffic allowed by default
[   13.713874] amd_nb: Cannot enumerate AMD northbridges
[   13.811465] clocksource: Switched to clocksource kvm-clock
[   13.826983] AppArmor: AppArmor Filesystem Enabled
[   13.827668] pnp: PnP ACPI init
[   13.828624] pnp: PnP ACPI: found 3 devices
[   13.840250] clocksource: acpi_pm: mask: 0xffffff max_cycles: 0xffffff, max_idle_ns: 2085701024 ns
[   13.841415] NET: Registered protocol family 2
[   13.842073] TCP establishehastae trs:164 rd:  107bys)

[   .306 T bd shab eri: 6384orr:, 262144 bytes)
[   14.876684]CPHa tlecoigedesblhe164 nd63)  5.800]DPash ble entries:02(oer3,27 bes
[ 16724] UDP-Lite hash table entries: 1024 (order: 3, 32768 bytes)
[   16.189343] NET: Registered otolamy 
[ 1683868] pci 0000:00:00.0:imindictCICIrasfer
[ 16986] pci 000:00:01.0: Activating ISA DMA hang workarounds
[   16.935576] Unpacking initramfs...

[   17.174105] Freeing initrd memory: 14884K
[   17.256654] clocksource: tsc: mask: 0xffffffffffffffff max_cycles: 0x6a8d1fbf22a, max_idle_ns: 881590537935 ns
[   17.257885] platform rtc_cmos: registered platform RTC device (no PNP device found)
[   17.258895] Scanning for low memory corruption every 60 seconds
[   17.259933] audit: initializing netlink subsys (disabled)
[   17.260613] audit: type=2000 audit(1599995371.942:1): initialized
[   17.261495] Initialise system trusted keyring
[   17.264711] HugeTLB registered 2 MB page size, pre-allocated 0 pages
[   17.266269] zbud: loaded
[   17.266933] VFS: Disk quotas dquot_6.6.0
[   17.267557] VFS: Dquot-cache hash table entries: 512 (order 0, 4096 bytes)
[   17.268511] squashfs: version 4.0 (2009/01/31) Phillip Lougher
[   17.271434] fuse init (API version 7.23)
[   17.272064] Key type big_key registered
[   17.272587] Allocating IMA MOK and blacklist keyrings.
[   17.274269] Key type asymmetric registered
[   17.274815] Asymmetric key parser 'x509' registered
[   17.275476] Block layer SCSI generic (bsg) driver version 0.4 loaded (major 249)
[   17.276481] io scheduler noop registered
[   17.277009] io scheduler deadline registered (default)
[   17.279325] io scheduler cfq registered
[   17.285566] pci_hotplug: PCI Hot Plug PCI Core version: 0.5
[   17.395278] pciehp: PCI Express Hot Plug Controller Driver version: 0.4
[   17.418943] ACPI: AC Adapter [AC] (on-line)
[   17.425712] input: Power Button as /devices/LNXSYSTM:00/LNXPWRBN:00/input/input0
[   17.426678] ACPI: Power Button [PWRF]
[   17.427234] input: Sleep Button as /devices/LNXSYSTM:00/LNXSLPBN:00/input/input1
[   17.513489] ACPI: Sleep Button [SLPF]
[   17.603262] GHES: HEST is not enabled!
[   17.703678] Serial: 8250/16550 driver, 32 ports, IRQ sharing enabled
[   17.816868] 00:02: ttyS0 at I/O 0x3f8 (irq = 4, base_baud = 115200) is a 16550A
[   17.818517] Linux agpgart interface v0.103
[   17.887943] loop: module loaded
[   17.928405] scsi host0: ata_piix
[   18.001499] scsi host1: ata_piix
[   18.065744] ata1: PATA max UDMA/33 cmd 0x1f0 ctl 0x3f6 bmdma 0xd000 irq 14
[   18.072993] ata2: PATA max UDMA/33 cmd 0x170 ctl 0x376 bmdma 0xd008 irq 15
[   18.074071] libphy: Fixed MDIO Bus: probed
[   18.132072] tun: Universal TUN/TAP device driver, 1.6
[   18.243334] tun: (C) 1999-2004 Max Krasnyansky <maxk@qualcomm.com>
[   18.351939] PPP generic driver version 2.4.2
[   18.399755] ehci_hcd: USB 2.0 'Enhanced' Host Controller (EHCI) Driver
[   18.502999] ehci-pci: EHCI PCI platform driver
[   18.619915] ehci-platform: EHCI generic platform driver
[   18.745950] ohci_hcd: USB 1.1 'Open' Host Controller (OHCI) Driver
[   18.861182] ohci-pci: OHCI PCI platform driver
[   18.897942] ohci-platform: OHCI generic platform driver
[   18.951110] uhci_hcd: USB Universal Host Controller Interface driver
[   18.951899] i8042: PNP: PS/2 Controller [PNP0303:PS2K,PNP0f03:PS2M] at 0x60,0x64 irq 1,12
[   18.953310] serio: i8042 KBD port at 0x60,0x64 irq 1
[   18.953928] serio: i8042 AUX port at 0x60,0x64 irq 12
[   18.954636] mousedev: PS/2 mouse device common for all mice
[   18.955592] rtc_cmos rtc_cmos: rtc core: registered rtc_cmos as rtc0
[   18.956361] rtc_cmos rtc_cmos: alarms up to one day, 114 bytes nvram
[   19.062255] i2c /dev entries driver
[   19.123725] input: AT Translated Set 2 keyboard as /devices/platform/i8042/serio0/input/input2
[   19.176058] device-mapper: uevent: version 1.0.3
[   19.176695] device-mapper: ioctl: 4.34.0-ioctl (2015-10-28) initialised: dm-devel@redhat.com
[   19.177750] ledtrig-cpu: registered to indicate activity on CPUs
[   19.179030] NET: Registered protocol family 10
[   19.186642] NET: Registered protocol family 17
[   19.229087] Key type dns_resolver registered
[   19.330733] registered taskstats version 1
[   19.446879] Loading compiled-in X.509 certificates
[   19.578001] Loaded X.509 cert 'Build time autogenerated kernel key: 06f0812676e66a24038557b34a5a5205bffb6390'
[   19.593148] zswap: loaded using pool lzo/zbud
[   19.595794] Key type trusted registered
[   19.600269] Key type encrypted registered
[   19.601256] AppArmor: AppArmor sha1 policy hashing enabled
[   19.602423] ima: No TPM chip found, activating TPM-bypass!
[   19.603609] ima: Allocated hash algorithm: sha1
[   19.604685] evm: HMAC attrs: 0x1
[   19.605871]   Magic number: 4:776:175
[   19.606754] misc network_throughput: hash matches
[   19.607923] rtc_cmos rtc_cmos: setting system clock to 2020-09-13 11:09:42 UTC (1599995382)
[   19.609904] BIOS EDD facility v0.16 2004-Jun-25, 0 devices found
[   19.611158] EDD information not available.
[   19.613498] Freeing unused kernel memory: 1492K
[   19.624242] Write protecting the kernel read-only data: 14336k
[   19.625888] Freeing unused kernel memory: 1592K
[   19.627078] Freeing unused kernel memory: 56K
Loading, please wait...
starting version 229
[   19.639555] random: systemd-udevd: uninitialized urandom read (16 bytes read, 3 bits of entropy available)
[   19.640241] random: udevadm: uninitialized urandom read (16 bytes read, 3 bits of entropy available)
[   19.640260] random: udevadm: uninitialized urandom read (16 bytes read, 3 bits of entropy available)
[   19.645712] random: systemd-udevd: uninitialized urandom read (16 bytes read, 3 bits of entropy available)
[   19.647692] random: systemd-udevd: uninitialized urandom read (16 bytes read, 3 bits of entropy available)
[   19.648467] random: udevadm: uninitialized urandom read (16 bytes read, 3 bits of entropy available)
[   19.648505] random: udevadm: uninitialized urandom read (16 bytes read, 3 bits of entropy available)
[   19.648667] random: udevadm: uninitialized urandom read (16 bytes read, 3 bits of entropy available)
[   19.648714] random: udevadm: uninitialized urandom read (16 bytes read, 3 bits of entropy available)
[   19.648761] random: udevadm: uninitialized urandom read (16 bytes read, 3 bits of entropy available)
[   19.688574] Fusion MPT base driver 3.04.20
[   19.689184] Copyright (c) 1999-2008 LSI Corporation
[   19.694317] e1000: Intel(R) PRO/1000 Network Driver - version 7.3.21-k8-NAPI
[   19.695260] e1000: Copyright (c) 1999-2006 Intel Corporation.
[   19.700996] AVX2 version of gcm_enc/dec engaged.
[   19.701703] AES CTR mode by8 optimization enabled
[   19.708080] Fusion MPT SPI Host driver 3.04.20
[   19.892352] input: ImExPS/2 Generic Explorer Mouse as /devices/platform/i8042/serio1/input/input4
[   20.030607] e1000 0000:00:03.0 eth0: (PCI:33MHz:32-bit) 02:8f:67:5f:07:a5
[   20.030610] e1000 0000:00:03.0 eth0: Intel(R) PRO/1000 Network Connection
[   20.031014] mptbase: ioc0: Initiating bringup
[   20.091892] ioc0: LSI53C1030 A0: Capabilities={Initiator}
[   20.257180] scsi host2: ioc0: LSI53C1030 A0, FwRev=00000000h, Ports=1, MaxQ=256, IRQ=20
[   20.508145] scsi 2:0:0:0: Direct-Access     VBOX     HARDDISK         1.0  PQ: 0 ANSI: 5
[   20.517186] scsi target2:0:0: Beginning Domain Validation
[   20.540850] scsi target2:0:0: Domain Validation skipping write tests
[   20.571954] scsi target2:0:0: Ending Domain Validation
[   20.587547] scsi target2:0:0: asynchronous
[   20.607831] scsi 2:0:1:0: Direct-Access     VBOX     HARDDISK         1.0  PQ: 0 ANSI: 5
[   20.608924] scsi target2:0:1: Beginning Domain Validation
[   20.610463] scsi target2:0:1: Domain Validation skipping write tests
[   20.611265] scsi target2:0:1: Ending Domain Validation
[   20.619194] scsi target2:0:1: asynchronous
[   20.640157] sd 2:0:0:0: Attached scsi generic sg0 type 0
[   20.646088] sd 2:0:0:0: [sda] 20971520 512-byte logical blocks: (10.7 GB/10.0 GiB)
[   20.648562] sd 2:0:0:0: [sda] Write Protect is off
[   20.655895] sd 2:0:1:0: Attached scsi generic sg1 type 0
[   20.656608] sd 2:0:1:0: [sdb] 20480 512-byte logical blocks: (10.5 MB/10.0 MiB)
[   20.679126] sd 2:0:0:0: [sda] Incomplete mode parameter data
[   20.685194] sd 2:0:0:0: [sda] Assuming drive cache: write through
[   20.696767] sd 2:0:1:0: [sdb] Write Protect is off
[   20.707330] sd 2:0:1:0: [sdb] Incomplete mode parameter data
[   20.730325] sd 2:0:1:0: [sdb] Assuming drive cache: write through
[   20.742816]  sda: sda1
[   20.765149] sd 2:0:0:0: [sda] Attached SCSI disk
[   20.765821] sd 2:0:1:0: [sdb] Attached SCSI disk
[   20.882542] e1000 0000:00:08.0 eth1: (PCI:33MHz:32-bit) 08:00:27:2c:98:76
[   21.030223] e1000 0000:00:08.0 eth1: Intel(R) PRO/1000 Network Connection
[   21.187169] e1000 0000:00:08.0 enp0s8: renamed from eth1
[   21.276081] e1000 0000:00:03.0 enp0s3: renamed from eth0
Begin: Loading e[   22.611070] md: linear personality registered for level -1
ssential drivers[   22.767670] md: multipath personality registered for level -4
 ... [   22.892709] md: raid0 personality registered for level 0
[   22.895776] md: raid1 personality registered for level 1
[   22.963743] raid6: sse2x1   gen() 14258 MB/s
[   23.099471] raid6: sse2x1   xor() 11061 MB/s
[   23.299525] raid6: sse2x2   gen() 17850 MB/s
[   23.463473] raid6: sse2x2   xor() 12487 MB/s
[   23.631472] raid6: sse2x4   gen() 19846 MB/s
[   23.819684] raid6: sse2x4   xor() 13749 MB/s
[   23.935843] raid6: avx2x1   gen() 28346 MB/s
[   24.128105] raid6: avx2x2   gen() 32702 MB/s
[   24.200299] raid6: avx2x4   gen() 36611 MB/s
[   24.301163] raid6: using algorithm avx2x4 gen() 36611 MB/s
[   24.355039] raid6: using avx2x2 recovery algorithm
[   24.396919] xor: automatically using best checksumming function:
[   24.491667]    avx       : 34573.000 MB/sec
[   24.571359] async_tx: api initialized (async)
[   24.614787] md: raid6 personality registered for level 6
[   24.760852] md: raid5 personality registered for level 5
[   24.834074] md: raid4 personality registered for level 4
[   24.975387] md: raid10 personality registered for level 10
done.
Begin: Running[   25.128059] Btrfs loaded
 /scripts/init-premount ... done.
Begin: Mounting root file system ... Begin: R[   25.243313] EXT4-fs (sda1): mounted filesystem with ordered data mode. Opts: (null)
unning /scripts/local-top ... done.
Begin: Running /scripts/local-premount ... Scanning for Btrfs filesystems
done.
Warning: fsck not present, so skipping root file system
done.
Begin: Running /scripts/local-bottom ... done.
Begin: Running /scripts/init-bottom ... done.
[   25.784279] systemd[1]: systemd 229 running in system mode. (+PAM +AUDIT +SELINUX +IMA +APPARMOR +SMACK +SYSVINIT +UTMP +LIBCRYPTSETUP +GCRYPT +GNUTLS +ACL +XZ -LZ4 +SECCOMP +BLKID +ELFUTILS +KMOD -IDN)
[   26.037113] systemd[1]: Detected virtualization oracle.
[   26.037772] systemd[1]: Detected architecture x86-64.

Welcome to [1mUbuntu 16.04.7 LTS[0m!

[   26.155088] systemd[1]: Set hostname to <ubuntu-xenial>.
[   26.424840] random: nonblocking pool is initialized
[   27.194885] systemd[1]: Reached target Swap.
[[0;32m  OK  [0m] Reached target Swap.
[   27.196400] systemd[1]: Listening on Journal Audit Socket.
[[0;32m  OK  [0m] Listening on Journal Audit Socket.
[   27.197909] systemd[1]: Created slice User and Session Slice.
[[0;32m  OK  [0m] Created slice User and Session Slice.
[   27.199253] systemd[1]: Reached target System Time Synchronized.
[[0;32m  OK  [0m] Reached target System Time Synchronized.
[   27.227197] systemd[1]: Listening on udev Control Socket.
[[0;32m  OK  [0m] Listening on udev Control Socket.
[   27.320251] systemd[1]: Listening on LVM2 metadata daemon socket.
[[0;32m  OK  [0m] Listening on LVM2 metadata daemon socket.
[   27.372425] systemd[1]: Set up automount Arbitrary Executable File Formats File System Automount Point.
[[0;32m  OK  [0m] Set up automount Arbitrary Executab...ats File System Automount Point.
[   27.374453] systemd[1]: Started Forward Password Requests to Wall Directory Watch.
[[0;32m  OK  [0m] Started Forward Password Requests to Wall Directory Watch.
[   27.507623] systemd[1]: Listening on Syslog Socket.
[[0;32m  OK  [0m] Listening on Syslog Socket.
[   27.668696] systemd[1]: Listening on Journal Socket (/dev/log).
[[0;32m  OK  [0m] Listening on Journal Socket (/dev/log).
[   27.833916] systemd[1]: Started Trigger resolvconf update for networkd DNS.
[[0;32m  OK  [0m] Started Trigger resolvconf update for networkd DNS.
[   28.020031] systemd[1]: Listening on LVM2 poll daemon socket.
[[0;32m  OK  [0m] Listening on LVM2 poll daemon socket.
[   28.188276] systemd[1]: Listening on udev Kernel Socket.
[[0;32m  OK  [0m] Listening on udev Kernel Socket.
[   28.387617] systemd[1]: Listening on /dev/initctl Compatibility Named Pipe.
[[0;32m  OK  [0m] Listening on /dev/initctl Compatibility Named Pipe.
[   28.600519] systemd[1]: Created slice System Slice.
[[0;32m  OK  [0m] Created slice System Slice.
[   28.775332] systemd[1]: Reached target Slices.
[[0;32m  OK  [0m] Reached target Slices.
[   28.872196] systemd[1]: Created slice system-serial\x2dgetty.slice.
[[0;32m  OK  [0m] Created slice system-serial\x2dgetty.slice.
[   29.088239] systemd[1]: Reached target User and Group Name Lookups.
[[0;32m  OK  [0m] Reached target User and Group Name Lookups.
[   29.290731] systemd[1]: Listening on Device-mapper event daemon FIFOs.
[[0;32m  OK  [0m] Listening on Device-mapper event daemon FIFOs.
[   29.500443] systemd[1]: Listening on Journal Socket.
[[0;32m  OK  [0m] Listening on Journal Socket.
[   29.608199] systemd[1]: Mounting Huge Pages File System...
         Mounting Huge Pages File System...
[   29.780085] systemd[1]: Starting Set console keymap...
         Starting Set console keymap...
[   29.781961] systemd[1]: Starting Uncomplicated firewall...
         Starting Uncomplicated firewall...
[   29.804501] systemd[1]: Starting Load Kernel Modules...
         Starting Load Kernel Modules...
[   29.859829] systemd[1]: Mounting POSIX Message Queue File System...
[   29.914225] Loading iSCSI transport class v2.0-870.
         Mounting POSIX Message Queue File System...
[   30.031344] systemd[1]: Mounting Debug File System...
         Mounting Debug File System...
[   30.033022] systemd[1]: Starting Journal Service...
         Starting Journal Servic[   30.130073] iscsi: registered transport (tcp)
e...
[   30.157945] systemd[1]: Starting Create list of required static device nodes for the current kernel...
         Starting Create list of required st... nodes for the current kernel...
[   30.336206] systemd[1]: Starting Remount Root and Kernel File Systems...
         Starting Remount Root and Kernel File Systems...
[   30.346264] systemd[1]: Starting Nameserver information manager...
         Startin[   30.349883] EXT4-fs (sda1): re-mounted. Opts: (null)
g Nameserver inf[   30.442779] iscsi: registered transport (iser)
ormation manager...
[   30.592232] systemd[1]: Starting Monitoring of LVM2 mirrors, snapshots etc. using dmeventd or progress polling...
         Starting Monitoring of LVM2 mirrors... dmeventd or progress polling...
[   30.642007] systemd[1]: Reached target Encrypted Volumes.
[[0;32m  OK  [0m] Reached target Encrypted Volumes.
[   30.840654] systemd[1]: Mounted Huge Pages File System.
[[0;32m  OK  [0m] Mounted Huge Pages File System.
[   30.916419] systemd[1]: Mounted Debug File System.
[[0;32m  OK  [0m] Mounted Debug File System.
[   31.084500] systemd[1]: Mounted POSIX Message Queue File System.
[[0;32m  OK  [0m] Mounted POSIX Message Queue File System.
[   31.248641] systemd[1]: Started Journal Service.
[[0;32m  OK  [0m] Started Journal Service.
[[0;32m  OK  [0m] Started Set console keymap.
[[0;32m  OK  [0m] Started Uncomplicated firewall.
[[0;32m  OK  [0m] Started Load Kernel Modules.
[[0;32m  OK  [0m] Started Create list of required sta...ce nodes for the current kernel.
[[0;32m  OK  [0m] Started Remount Root and Kernel File Systems.
[[0;32m  OK  [0m] Started LVM2 metadata daemon.
         Starting Load/Save Random Seed...
         Starting udev Coldplug all Devices...
         Starting Create Static Device Nodes in /dev...
         Mounting FUSE Control File System...
         Starting Apply Kernel Variables...
         Starting Flush Journal to Persistent Storage...
[[0;32m  OK  [0m] Mounted FUSE Control File System.
[[0;32m  OK  [0m] Started Monitoring of LVM2 mirrors,...ng dmeventd or progress polling.
[[0;32m  OK  [0m] Started Nameserver information manager.
[[0;32m  OK  [0m] Started Load/Save Random Seed.
[[0;32m  OK  [0m] Started Create Static Device Nodes in /dev.
[[0;32m  OK  [0m] Started Apply Kernel Variables.
[[0;32m  OK  [0m] Started udev Coldplug all Devices.
         Starting udev Kernel Device Manager...
[[0;32m  OK  [0m] Reached target Local File Systems (Pre).
[[0;32m  OK  [0m] Reached target Local File Systems.
         Starting LSB: AppArmor initialization...
         Starting Initial cloud-init job (pre-networking)...
         Starting Set console font and keymap...
         Starting Tell Plymouth To Write Out Runtime Data...
[[0;32m  OK  [0m] Started udev Kernel Device Manager.
[[0;32m  OK  [0m] Started Tell Plymouth To Write Out Runtime Data.
[[0;32m  OK  [0m] Started Flush Journal to Persistent Storage.
[[0;32m  OK  [0m] Found device /dev/ttyS0.
[[0;32m  OK  [0m] Started Set console font and keymap.
[[0;32m  OK  [0m] Listening on Load/Save RF Kill Switch Status /dev/rfkill Watch.
[[0;32m  OK  [0m] Created slice system-getty.slice.
         Starting Create Volatile Files and Directories...
[[0;32m  OK  [0m] Started Dispatch Password Requests to Console Directory Watch.
[[0;32m  OK  [0m] Started Create Volatile Files and Directories.
[[0;32m  OK  [0m] Started LSB: AppArmor initialization.
         Starting Load AppArmor profiles managed internally by snapd...
         Starting Update UTMP about System Boot/Shutdown...
[[0;32m  OK  [0m] Started Load AppArmor profiles managed internally by snapd.
[[0;32m  OK  [0m] Started Update UTMP about System Boot/Shutdown.
[   22.821467] cloud-init[519]: Cloud-init v. 20.2-45-g5f7825e2-0ubuntu1~16.04.1 running 'init-local' at Sun, 13 Sep 2020 11:09:58 +0000. Up 22.36 seconds.
[[0;32m  OK  [0m] Started Initial cloud-init job (pre-networking).
[[0;32m  OK  [0m] Reached target Network (Pre).
         Starting Raise network interfaces...
[[0;32m  OK  [0m] Started ifup for enp0s3.
[[0;32m  OK  [0m] Started Raise network interfaces.
         Starting Initial cloud-init job (metadata service crawler)...
[[0;32m  OK  [0m] Reached target Network.
[   24.104465] cloud-init[997]: Cloud-init v. 20.2-45-g5f7825e2-0ubuntu1~16.04.1 running 'init' at Sun, 13 Sep 2020 11:09:59 +0000. Up 23.70 seconds.
[   24.224972] cloud-init[997]: ci-info: ++++++++++++++++++++++++++++++++++++++Net device info++++++++++++++++++++++++++++++++++++++
[   24.225166] cloud-init[997]: ci-info: +--------+-------+---------------------------+---------------+--------+-------------------+
[[0;32m  OK  [0m] Started Initial cloud-init job (metadata service crawler).
[   24.225270] cloud-init[997]: ci-info: | Device |   Up  |          Address          |      Mask     | Scope  |     Hw-Address    |
[   25.044611] cloud-init[997]: ci-info: +--------+-------+---------------------------+---------------+--------+-------------------+
[   25.044832] cloud-init[997]: ci-info: | enp0s3 |  True |         10.0.2.15         | 255.255.255.0 | global | 02:8f:67:5f:07:a5 |
[[0;32m  OK  [0m] Reached target System Initialization.
[   25.044915] cloud-init[997]: ci-info: | enp0s3 |  True | fe80::8f:67ff:fe5f:7a5/64 |       .       |  link  | 02:8f:67:5f:07:a5 |
[   25.421141] cloud-init[997]: ci-info: | enp0s8 | False |             .             |       .       |   .    | 08:00:27:2c:98:76 |
[   25.421365] cloud-init[997]: ci-info: |   lo   |  True |         127.0.0.1         |   255.0.0.0   |  host  |         .         |
         Starting LXD - unix socket.
[[   25.421500] cloud-init[997]: ci-info: |   lo   |  True |          ::1/128          |       .       |  host  |         .         |
[   25.973074] cloud-init[997]: ci-info: +--------+-------+---------------------------+---------------+--------+-------------------+
[0;32m  OK  [0m] Listening on UUID daemon activation socket.
[   25.973175] cloud-init[997]: ci-info: +++++++++++++++++++++++++++Route IPv4 info++++++++++++++++++++++++++++
[   26.338374] cloud-init[997]: ci-info: +-------+-------------+----------+---------------+-----------+-------+
[   26.338573] cloud-init[997]: ci-info: | Route | Destination | Gateway  |    Genmask    | Interface | Flags |
[[0;32m  OK  [0m] Started ACPI Events Check.
[   26.338664] cloud-init[997]: ci-info: +-------+-------------+----------+---------------+-----------+-------+
[   26.767457] cloud-init[997]: ci-info: |   0   |   0.0.0.0   | 10.0.2.2 |    0.0.0.0    |   enp0s3  |   UG  |
[[0;32m  OK  [0m] Reached target Paths.
[   26.767515] cloud-init[997]: ci-info: |   1   |   10.0.2.0  | 0.0.0.0  | 255.255.255.0 |   enp0s3  |   U   |
[   26.810120] cloud-init[997]: ci-info: +-------+-------------+----------+---------------+-----------+-------+
[   26.810338] cloud-init[997]: ci-info: +++++++++++++++++++Route IPv6 info+++++++++++++++++++
         Starting Docker Socket for the API.
[   26.810433] cloud-init[997]: ci-info: +-------+-------------+---------+-----------+-------+
[   27.392222] cloud-init[997]: ci-info: | Route | Destination | Gateway | Interface | Flags |
[   27.392440] cloud-init[997]: ci-info: +-------+-------------+---------+-----------+-------+
[[0;32m  OK  [0m] Started Daily apt download activities.
[[   27.392579] cloud-init[997]: ci-info: |   0   |  fe80::/64  |    ::   |   enp0s3  |   U   |
[   27.809011] cloud-init[997]: ci-info: |   3   |   ff00::/8  |    ::   |   enp0s3  |   U   |
[0;32m  OK  [0m] Started Daily apt upgrade and clean activities.
[   27.809082] cloud-init[997]: ci-info: +-------+-------------+---------+-----------+-------+
         Starting Socket activation for snappy daemon.
[[0;32m  OK  [0m] Started Daily Cleanup of Temporary Directories.
[[0;32m  OK  [0m] Started Message of the Day.
[[0;32m  OK  [0m] Reached target Timers.
[[0;32m  OK  [0m] Listening on D-Bus System Message Bus Socket.
[[0;32m  OK  [0m] Listening on ACPID Listen Socket.
[[0;32m  OK  [0m] Reached target Network is Online.
         Starting iSCSI initiator daemon (iscsid)...
[[0;32m  OK  [0m] Reached target Cloud-config availability.
[[0;32m  OK  [0m] Listening on LXD - unix socket.
[[0;32m  OK  [0m] Listening on Docker Socket for the API.
[[0;32m  OK  [0m] Listening on Socket activation for snappy daemon.
[[0;32m  OK  [0m] Reached target Sockets.
[[0;32m  OK  [0m] Reached target Basic System.
         Starting LSB: Record successful boot for GRUB...
         Starting Pollinate to seed the pseudo random number generator...
[[0;32m  OK  [0m] Started D-Bus System Message Bus.
[[0;32m  OK  [0m] Started Regular background program processing daemon.
         Starting System Logging Service...
         Starting Accounts Service...
         Starting containerd container runtime...
         Starting A high performance web server and a reverse proxy server...
[[0;32m  OK  [0m] Started Deferred execution scheduler.
         Starting LSB: MD monitoring daemon...
[[0;32m  OK  [0m] Started FUSE filesystem for LXC.
         Starting Login Service...
         Starting LXD - container startup/shutdown...
         Starting /etc/rc.local Compatibility...
         Starting Snap Daemon...
         Starting vboxadd.service...
[[0;32m  OK  [0m] Started ACPI event daemon.
[[0;32m  OK  [0m] Started System Logging Service.
[[0;32m  OK  [0m] Started containerd container runtime.
[[0;32m  OK  [0m] Started /etc/rc.local Compatibility.
[[0;32m  OK  [0m] Started iSCSI initiator daemon (iscsid).
[[0;32m  OK  [0m] Started Login Service.
[[0;32m  OK  [0m] Started Unattended Upgrades Shutdown.
         Starting Authenticate and Authorize Users to Run Privileged Tasks...
         Starting Login to default iSCSI targets...
         Starting Docker Application Container Engine...
[[0;32m  OK  [0m] Started LSB: MD monitoring daemon.
[[0;32m  OK  [0m] Started LSB: Record successful boot for GRUB.
[[0;32m  OK  [0m] Started Login to default iSCSI targets.
[[0;32m  OK  [0m] Started Authenticate and Authorize Users to Run Privileged Tasks.
[[0;32m  OK  [0m] Started Accounts Service.
[[0;32m  OK  [0m] Reached target Remote File Systems (Pre).
[[0;32m  OK  [0m] Reached target Remote File Systems.
         Starting LSB: automatic crash report generation...
         Starting Permit User Sessions...
         Starting LSB: Set the CPU Frequency Scaling governor to "ondemand"...
         Starting LSB: daemon to balance interrupts for SMP systems...
         Starting LSB: Set up cgroupfs mounts....
[[0;32m  OK  [0m] Started LSB: Set the CPU Frequency Scaling governor to "ondemand".
[[0;32m  OK  [0m] Started LSB: Set up cgroupfs mounts..
[[0;32m  OK  [0m] Started Permit User Sessions.
         Starting Terminate Plymouth Boot Screen...
         Starting Hold until boot process finishes up...
[[0;32m  OK  [0m] Started LSB: daemon to balance interrupts for SMP systems.
[[0;32m  OK  [0m] Started Terminate Plymouth Boot Screen.
[[0;32m  OK  [0m] Started Hold until boot process finishes up.
[[0;32m  OK  [0m] Started Getty on tty1.
[[0;32m  OK  [0m] Started Serial Getty on ttyS0.
[[0;32m  OK  [0m] Reached target Login Prompts.
         Starting Set console scheme...
[[0;32m  OK  [0m] Started Set console scheme.
[[0;32m  OK  [0m] Started vboxadd.service.
         Starting vboxadd-service.service...
[[0;32m  OK  [0m] Started LSB: automatic crash report generation.
[[0;1;31mFAILED[0m] Failed to start vboxadd-service.service.
See 'systemctl status vboxadd-service.service' for details.
[[0;32m  OK  [0m] Started Pollinate to seed the pseudo random number generator.
         Starting OpenBSD Secure Shell server...
[[0;32m  OK  [0m] Started OpenBSD Secure Shell server.
[[0;32m  OK  [0m] Started LXD - container startup/shutdown.
[[0;32m  OK  [0m] Started A high performance web server and a reverse proxy server.
[[0;32m  OK  [0m] Created slice User Slice of vagrant.
         Starting User Manager for UID 1000...
[[0;32m  OK  [0m] Started Session 1 of user vagrant.
[[0;32m  OK  [0m] Started Snap Daemon.
         Starting Wait until snapd is fully seeded...
[[0;32m  OK  [0m] Started User Manager for UID 1000.
[[0;32m  OK  [0m] Started Wait until snapd is fully seeded.
         Starting Apply the settings specified in cloud-config...
[   33.584840] cloud-init[1342]: Cloud-init v. 20.2-45-g5f7825e2-0ubuntu1~16.04.1 running 'modules:config' at Sun, 13 Sep 2020 11:10:09 +0000. Up 33.39 seconds.
[[0;32m  OK  [0m] Started Apply the settings specified in cloud-config.
[[0;32m  OK  [0m] Started Docker Application Container Engine.
[[0;32m  OK  [0m] Reached target Multi-User System.
[[0;32m  OK  [0m] Reached target Graphical Interface.
         Starting Update UTMP about System Runlevel Changes...
         Starting Execute cloud user/final scripts...
[   35.746328] cloud-init[1623]: Cloud-init v. 20.2-45-g5f7825e2-0ubuntu1~16.04.1 running 'modules:final' at Sun, 13 Sep 2020 11:10:11 +0000. Up 35.60 seconds.
[   35.746669] cloud-init[1623]: Cloud-init v. 20.2-45-g5f7825e2-0ubuntu1~16.04.1 finished at Sun, 13 Sep 2020 11:10:11 +0000. Datasource DataSourceNoCloud [seed=/dev/sdb][dsmode=net].  Up 35.74 seconds

Ubuntu 16.04.7 LTS ubuntu-xenial ttyS0

ubuntu-xenial login: 